#
# There is insufficient memory for the Java Runtime Environment to continue.
# Native memory allocation (mmap) failed to map 266338304 bytes for Failed to commit area from 0x0000000702000000 to 0x0000000711e00000 of length 266338304.
# Possible reasons:
#   The system is out of physical RAM or swap space
#   The process is running with CompressedOops enabled, and the Java Heap may be blocking the growth of the native heap
# Possible solutions:
#   Reduce memory load on the system
#   Increase physical memory or swap space
#   Check if swap backing store is full
#   Decrease Java heap size (-Xmx/-Xms)
#   Decrease number of Java threads
#   Decrease Java thread stack sizes (-Xss)
#   Set larger code cache with -XX:ReservedCodeCacheSize=
# This output file may be truncated or incomplete.
#
#  Out of Memory Error (./src/hotspot/os/windows/os_windows.cpp:3303), pid=42284, tid=18284
#
# JRE version:  (11.0.9+11) (build )
# Java VM: OpenJDK 64-Bit Server VM (11.0.9+11-b1145.21, mixed mode, sharing, tiered, compressed oops, g1 gc, windows-amd64)
# No core dump will be written. Minidumps are not enabled by default on client versions of Windows
#

---------------  S U M M A R Y ------------

Command Line: org.jetbrains.git4idea.http.GitAskPassApp Username for 'https://github.com': 

Host: Intel(R) Core(TM) i7-10875H CPU @ 2.30GHz, 16 cores, 15G,  Windows 10 , 64 bit Build 19041 (10.0.19041.1706)
Time: Mon May 30 13:44:44 2022 中国标准时间 elapsed time: 0.009501 seconds (0d 0h 0m 0s)

---------------  T H R E A D  ---------------

Current thread (0x00000138ec3ea000):  JavaThread "Unknown thread" [_thread_in_vm, id=18284, stack(0x00000001dd200000,0x00000001dd300000)]

Stack: [0x00000001dd200000,0x00000001dd300000]
Native frames: (J=compiled Java code, j=interpreted, Vv=VM code, C=native code)
V  [jvm.dll+0x5ed3ca]
V  [jvm.dll+0x722725]
V  [jvm.dll+0x723c7d]
V  [jvm.dll+0x724333]
V  [jvm.dll+0x242bd8]
V  [jvm.dll+0x5ea884]
V  [jvm.dll+0x5df995]
V  [jvm.dll+0x2fe13b]
V  [jvm.dll+0x2fe0aa]
V  [jvm.dll+0x2fdf82]
V  [jvm.dll+0x302e56]
V  [jvm.dll+0x34b583]
V  [jvm.dll+0x34bc86]
V  [jvm.dll+0x34b683]
V  [jvm.dll+0x2d8df8]
V  [jvm.dll+0x2d9f97]
V  [jvm.dll+0x701517]
V  [jvm.dll+0x702d0c]
V  [jvm.dll+0x358b39]
V  [jvm.dll+0x6e4f9e]
V  [jvm.dll+0x3c0db3]
V  [jvm.dll+0x3c2f61]
C  [jli.dll+0x5373]
C  [ucrtbase.dll+0x21bb2]
C  [KERNEL32.DLL+0x17034]
C  [ntdll.dll+0x52651]


---------------  P R O C E S S  ---------------

Threads class SMR info:
_java_thread_list=0x00000138ec315970, length=0, elements={
}

Java Threads: ( => current thread )

Other Threads:
  0x00000138ee4e3800 GCTaskThread "GC Thread#0" [stack: 0x00000001dd300000,0x00000001dd400000] [id=28788]
  0x00000138ee543800 ConcurrentGCThread "G1 Main Marker" [stack: 0x00000001dd400000,0x00000001dd500000] [id=2116]
  0x00000138ee546000 ConcurrentGCThread "G1 Conc#0" [stack: 0x00000001dd500000,0x00000001dd600000] [id=17768]

[error occurred during error reporting (printing all threads), id 0xc0000005, EXCEPTION_ACCESS_VIOLATION (0xc0000005) at pc=0x00007ffcdb369397]

VM state:not at safepoint (not fully initialized)

VM Mutex/Monitor currently owned by a thread:  ([mutex/lock_event])
[0x00000138ee4ce300] Heap_lock - owner thread: 0x00000138ec3ea000

Heap address: 0x0000000702000000, size: 4064 MB, Compressed Oops mode: Non-zero based: 0x0000000702000000
Narrow klass base: 0x0000000000000000, Narrow klass shift: 0

GC Heap History (0 events):
No events

Deoptimization events (0 events):
No events

Classes redefined (0 events):
No events

Internal exceptions (0 events):
No events

Events (1 events):
Event: 0.006 Loaded shared library D:\ideaIU-2020\ideaIU-2020\jbr\bin\zip.dll


Dynamic libraries:
0x00007ff69f030000 - 0x00007ff69f03a000 	D:\ideaIU-2020\ideaIU-2020\jbr\bin\java.exe
0x00007ffd3aa50000 - 0x00007ffd3ac45000 	C:\Windows\SYSTEM32\ntdll.dll
0x00007ffd39f40000 - 0x00007ffd39ffd000 	C:\Windows\System32\KERNEL32.DLL
0x00007ffd38300000 - 0x00007ffd385cd000 	C:\Windows\System32\KERNELBASE.dll
0x00007ffd38780000 - 0x00007ffd38880000 	C:\Windows\System32\ucrtbase.dll
0x00007ffcfbd60000 - 0x00007ffcfbd79000 	D:\ideaIU-2020\ideaIU-2020\jbr\bin\jli.dll
0x00007ffcebc50000 - 0x00007ffcebc67000 	D:\ideaIU-2020\ideaIU-2020\jbr\bin\VCRUNTIME140.dll
0x00007ffd39d10000 - 0x00007ffd39eb0000 	C:\Windows\System32\USER32.dll
0x00007ffd381b0000 - 0x00007ffd381d2000 	C:\Windows\System32\win32u.dll
0x00007ffd3a8b0000 - 0x00007ffd3a8da000 	C:\Windows\System32\GDI32.dll
0x00007ffd385d0000 - 0x00007ffd386db000 	C:\Windows\System32\gdi32full.dll
0x00007ffd23d40000 - 0x00007ffd23fda000 	C:\Windows\WinSxS\amd64_microsoft.windows.common-controls_6595b64144ccf1df_6.0.19041.1110_none_60b5254171f9507e\COMCTL32.dll
0x00007ffd386e0000 - 0x00007ffd3877d000 	C:\Windows\System32\msvcp_win.dll
0x00007ffd39bc0000 - 0x00007ffd39c5e000 	C:\Windows\System32\msvcrt.dll
0x00007ffd39eb0000 - 0x00007ffd39ee0000 	C:\Windows\System32\IMM32.DLL
0x00007ffcdf750000 - 0x00007ffcdf7ed000 	D:\ideaIU-2020\ideaIU-2020\jbr\bin\msvcp140.dll
0x00007ffcdb080000 - 0x00007ffcdbb4e000 	D:\ideaIU-2020\ideaIU-2020\jbr\bin\server\jvm.dll
0x00007ffd39c60000 - 0x00007ffd39d0e000 	C:\Windows\System32\ADVAPI32.dll
0x00007ffd39680000 - 0x00007ffd3971c000 	C:\Windows\System32\sechost.dll
0x00007ffd39550000 - 0x00007ffd39675000 	C:\Windows\System32\RPCRT4.dll
0x00007ffd3a000000 - 0x00007ffd3a008000 	C:\Windows\System32\PSAPI.DLL
0x00007ffd326c0000 - 0x00007ffd326c9000 	C:\Windows\SYSTEM32\WSOCK32.dll
0x00007ffd3a020000 - 0x00007ffd3a08b000 	C:\Windows\System32\WS2_32.dll
0x00007ffd32260000 - 0x00007ffd3226a000 	C:\Windows\SYSTEM32\VERSION.dll
0x00007ffd26b60000 - 0x00007ffd26b87000 	C:\Windows\SYSTEM32\WINMM.dll
0x00007ffd369f0000 - 0x00007ffd36a02000 	C:\Windows\SYSTEM32\kernel.appcore.dll
0x00007ffd2e930000 - 0x00007ffd2e941000 	D:\ideaIU-2020\ideaIU-2020\jbr\bin\verify.dll
0x00007ffd35f60000 - 0x00007ffd36144000 	C:\Windows\SYSTEM32\DBGHELP.DLL
0x00007ffd15f70000 - 0x00007ffd15f9c000 	C:\Windows\SYSTEM32\dbgcore.DLL
0x00007ffd388b0000 - 0x00007ffd38932000 	C:\Windows\System32\bcryptPrimitives.dll
0x00007ffd2e520000 - 0x00007ffd2e549000 	D:\ideaIU-2020\ideaIU-2020\jbr\bin\java.dll
0x00007ffd2f6b0000 - 0x00007ffd2f6bb000 	D:\ideaIU-2020\ideaIU-2020\jbr\bin\jimage.dll
0x00007ffd2e260000 - 0x00007ffd2e278000 	D:\ideaIU-2020\ideaIU-2020\jbr\bin\zip.dll

dbghelp: loaded successfully - version: 4.0.5 - missing functions: none
symbol engine: initialized successfully - sym options: 0x614 - pdb path: .;D:\ideaIU-2020\ideaIU-2020\jbr\bin;C:\Windows\SYSTEM32;C:\Windows\WinSxS\amd64_microsoft.windows.common-controls_6595b64144ccf1df_6.0.19041.1110_none_60b5254171f9507e;D:\ideaIU-2020\ideaIU-2020\jbr\bin\server

VM Arguments:
java_command: org.jetbrains.git4idea.http.GitAskPassApp Username for 'https://github.com': 
java_class_path (initial): D:/ideaIU-2020/ideaIU-2020/plugins/git4idea/lib/git4idea-rt.jar;D:/ideaIU-2020/ideaIU-2020/lib/xmlrpc-2.0.1.jar;D:/ideaIU-2020/ideaIU-2020/lib/commons-codec-1.14.jar
Launcher Type: SUN_STANDARD

[Global flags]
     intx CICompilerCount                          = 12                                        {product} {ergonomic}
     uint ConcGCThreads                            = 3                                         {product} {ergonomic}
     uint G1ConcRefinementThreads                  = 13                                        {product} {ergonomic}
   size_t G1HeapRegionSize                         = 1048576                                   {product} {ergonomic}
    uintx GCDrainStackTargetSize                   = 64                                        {product} {ergonomic}
   size_t InitialHeapSize                          = 266338304                                 {product} {ergonomic}
   size_t MarkStackSize                            = 4194304                                   {product} {ergonomic}
   size_t MaxHeapSize                              = 4261412864                                {product} {ergonomic}
   size_t MinHeapDeltaBytes                        = 1048576                                   {product} {ergonomic}
    uintx NonNMethodCodeHeapSize                   = 7594288                                {pd product} {ergonomic}
    uintx NonProfiledCodeHeapSize                  = 122031976                              {pd product} {ergonomic}
    uintx ProfiledCodeHeapSize                     = 122031976                              {pd product} {ergonomic}
    uintx ReservedCodeCacheSize                    = 251658240                              {pd product} {ergonomic}
     bool SegmentedCodeCache                       = true                                      {product} {ergonomic}
     bool UseCompressedClassPointers               = true                                 {lp64_product} {ergonomic}
     bool UseCompressedOops                        = true                                 {lp64_product} {ergonomic}
     bool UseG1GC                                  = true                                      {product} {ergonomic}
     bool UseLargePagesIndividualAllocation        = false                                  {pd product} {ergonomic}

Logging:
Log output configuration:
 #0: stdout all=warning uptime,level,tags
 #1: stderr all=off uptime,level,tags

Environment Variables:
JAVA_HOME=D:\java
PATH=D:/Git/mingw64/libexec/git-core;D:/Git/mingw64/libexec/git-core;D:\Git\mingw64\bin;D:\Git\usr\bin;C:\Users\赵小黑\bin;C:\Program Files\Microsoft MPI\Bin\;D:\java\bin;C:\Python39\Scripts\;C:\Python39\;C:\Program Files (x86)\Common Files\Oracle\Java\javapath;C:\Windows\system32;C:\Windows;C:\Windows\System32\Wbem;C:\Windows\System32\WindowsPowerShell\v1.0\;C:\Windows\System32\OpenSSH\;C:\Program Files (x86)\NVIDIA Corporation\PhysX\Common;C:\Program Files\NVIDIA Corporation\NVIDIA NvDLISR;C:\Program Files\Microsoft SQL Server\Client SDK\ODBC\170\Tools\Binn\;C:\Program Files (x86)\Microsoft SQL Server\150\Tools\Binn\;C:\Program Files\Microsoft SQL Server\150\Tools\Binn\;C:\Program Files\Microsoft SQL Server\150\DTS\Binn\;C:\Program Files (x86)\Microsoft SQL Server\150\DTS\Binn\;C:\Program Files\Azure Data Studio\bin;D:\MySQL (1)\bin;C:\Program Files\dotnet\;D:\Git\cmd;D:\apache-tomcat-8.5.76\lib;D:\apache-tomcat-8.5.76\lib\servletapi.jar;D:\apache-tomcat-8.5.76lib\jsp-api.jar;C:\Program Files\MySQL\MySQL Shell 8.0\bin\;D:\Tencent\QQGameTempest\Hall.57734\;D:\Microsoft VS Code\bin
USERNAME=赵小黑
DISPLAY=:0.0
LC_ALL=en_US.UTF-8
OS=Windows_NT
PROCESSOR_IDENTIFIER=Intel64 Family 6 Model 165 Stepping 2, GenuineIntel



---------------  S Y S T E M  ---------------

OS: Windows 10 , 64 bit Build 19041 (10.0.19041.1706)
OS uptime: 4 days 15:51 hours

CPU:total 16 (initial active 16) (8 cores per cpu, 2 threads per core) family 6 model 165 stepping 2, cmov, cx8, fxsr, mmx, sse, sse2, sse3, ssse3, sse4.1, sse4.2, popcnt, avx, avx2, aes, clmul, erms, 3dnowpref, lzcnt, ht, tsc, tscinvbit, bmi1, bmi2, adx, fma

Memory: 4k page, system-wide physical 16250M (4343M free)
TotalPageFile size 23145M (AvailPageFile size 53M)
current process WorkingSet (physical memory assigned to process): 10M, peak: 10M
current process commit charge ("private bytes"): 71M, peak: 325M

vm_info: OpenJDK 64-Bit Server VM (11.0.9+11-b1145.21) for windows-amd64 JRE (11.0.9+11-b1145.21), built on Nov 21 2020 14:37:09 by "" with MS VC++ 14.0 (VS2015)

END.
